Added Net: Name=+3V3
Added Net: Name=GNDA
Added Net: Name=GND
Added Net: Name=NetC3_1
Added Net: Name=NetC4_1
Added Net: Name=NetC5_1
Added Net: Name=NetD1_2
Added Net: Name=NetD2_1
Added Net: Name=NetD2_2
Added Net: Name=NetD5_2
Added Net: Name=NetF1_2
Added Net: Name=NetIC1_1
Added Net: Name=NetIC1_2
Added Net: Name=NetIC1_3
Added Net: Name=NetIC2_4
Added Net: Name=NetIC2_6
Added Net: Name=NetIC2_7
Added Net: Name=NetIC4_1
Added Net: Name=NetIC4_2
Added Net: Name=NetL1_1
Added Net: Name=NetQ2_G
Added Net: Name=NetQ3_G
Added Net: Name=NetR2_1
Added Net: Name=NetR4_1
Added Net: Name=NetR11_1
Added Net: Name=VCC
Added Net: Name=X2-1
Added Net: Name=X2-2
Added Net: Name=X2-4
Added Class: Name=Sheet1
Added Class: Name=Sheet2
Added Room: Name=Sheet1
Added Room: Name=Sheet2
